<?xml version="1.0" encoding="UTF-8"?>
<testng-results skipped="0" failed="0" total="1" passed="1">
  <reporter-output>
  </reporter-output>
  <suite name="Default suite" duration-ms="15313" started-at="2018-01-03T17:23:29Z" finished-at="2018-01-03T17:23:44Z">
    <groups>
    </groups>
    <test name="Default test" duration-ms="15313" started-at="2018-01-03T17:23:29Z" finished-at="2018-01-03T17:23:44Z">
      <class name="GoogleTitle.simpleGoogleTest">
        <test-method status="PASS" signature="simpleGoogleTester()[pri:0, instance:GoogleTitle.simpleGoogleTest@66a3ffec]" name="simpleGoogleTester" is-config="true" duration-ms="13840" started-at="2018-01-03T22:53:29Z" finished-at="2018-01-03T22:53:43Z">
          <reporter-output>
          </reporter-output>
        </test-method> <!-- simpleGoogleTester -->
        <test-method status="PASS" signature="Result()[pri:0, instance:GoogleTitle.simpleGoogleTest@66a3ffec]" name="Result" duration-ms="27" started-at="2018-01-03T22:53:43Z" finished-at="2018-01-03T22:53:43Z">
          <reporter-output>
          </reporter-output>
        </test-method> <!-- Result -->
        <test-method status="PASS" signature="teardown()[pri:0, instance:GoogleTitle.simpleGoogleTest@66a3ffec]" name="teardown" is-config="true" duration-ms="1421" started-at="2018-01-03T22:53:43Z" finished-at="2018-01-03T22:53:44Z">
          <reporter-output>
          </reporter-output>
        </test-method> <!-- teardown -->
      </class> <!-- GoogleTitle.simpleGoogleTest -->
    </test> <!-- Default test -->
  </suite> <!-- Default suite -->
</testng-results>
